<?xml version="1.0" encoding="UTF-8"?>
<testsuite xmlns:xsi="http://www.w3.org/2001/XMLSchema-instance" xsi:noNamespaceSchemaLocation="https://maven.apache.org/surefire/maven-surefire-plugin/xsd/surefire-test-report-3.0.xsd" version="3.0" name="com.yourcompany.cafeteria.ui.SettingsViewTest" time="27.227" tests="1" errors="0" skipped="0" failures="1">
  <properties>
    <property name="java.specification.version" value="21"/>
    <property name="javafx.runtime.version" value="21.0.3+2"/>
    <property name="sun.cpu.isalist" value="amd64"/>
    <property name="sun.jnu.encoding" value="Cp1256"/>
    <property name="java.class.path" value="D:\projects\Caf-POS-single\caf-pos-2\target\test-classes;D:\projects\Caf-POS-single\caf-pos-2\target\classes;C:\Users\Hanaa\.m2\repository\org\openjfx\javafx-controls\21.0.3\javafx-controls-21.0.3.jar;C:\Users\Hanaa\.m2\repository\org\openjfx\javafx-controls\21.0.3\javafx-controls-21.0.3-win.jar;C:\Users\Hanaa\.m2\repository\org\openjfx\javafx-graphics\21.0.3\javafx-graphics-21.0.3.jar;C:\Users\Hanaa\.m2\repository\org\openjfx\javafx-graphics\21.0.3\javafx-graphics-21.0.3-win.jar;C:\Users\Hanaa\.m2\repository\org\openjfx\javafx-base\21.0.3\javafx-base-21.0.3.jar;C:\Users\Hanaa\.m2\repository\org\openjfx\javafx-base\21.0.3\javafx-base-21.0.3-win.jar;C:\Users\Hanaa\.m2\repository\org\openjfx\javafx-fxml\21.0.3\javafx-fxml-21.0.3.jar;C:\Users\Hanaa\.m2\repository\org\openjfx\javafx-fxml\21.0.3\javafx-fxml-21.0.3-win.jar;C:\Users\Hanaa\.m2\repository\com\h2database\h2\2.2.224\h2-2.2.224.jar;C:\Users\Hanaa\.m2\repository\org\flywaydb\flyway-core\10.16.0\flyway-core-10.16.0.jar;C:\Users\Hanaa\.m2\repository\com\fasterxml\jackson\dataformat\jackson-dataformat-toml\2.15.2\jackson-dataformat-toml-2.15.2.jar;C:\Users\Hanaa\.m2\repository\com\fasterxml\jackson\core\jackson-databind\2.15.2\jackson-databind-2.15.2.jar;C:\Users\Hanaa\.m2\repository\com\fasterxml\jackson\core\jackson-annotations\2.15.2\jackson-annotations-2.15.2.jar;C:\Users\Hanaa\.m2\repository\com\fasterxml\jackson\core\jackson-core\2.15.2\jackson-core-2.15.2.jar;C:\Users\Hanaa\.m2\repository\com\google\code\gson\gson\2.10.1\gson-2.10.1.jar;C:\Users\Hanaa\.m2\repository\org\mindrot\jbcrypt\0.4\jbcrypt-0.4.jar;C:\Users\Hanaa\.m2\repository\org\slf4j\slf4j-simple\2.0.13\slf4j-simple-2.0.13.jar;C:\Users\Hanaa\.m2\repository\org\slf4j\slf4j-api\2.0.13\slf4j-api-2.0.13.jar;C:\Users\Hanaa\.m2\repository\org\junit\jupiter\junit-jupiter\5.10.2\junit-jupiter-5.10.2.jar;C:\Users\Hanaa\.m2\repository\org\junit\jupiter\junit-jupiter-api\5.10.2\junit-jupiter-api-5.10.2.jar;C:\Users\Hanaa\.m2\repository\org\opentest4j\opentest4j\1.3.0\opentest4j-1.3.0.jar;C:\Users\Hanaa\.m2\repository\org\junit\platform\junit-platform-commons\1.10.2\junit-platform-commons-1.10.2.jar;C:\Users\Hanaa\.m2\repository\org\apiguardian\apiguardian-api\1.1.2\apiguardian-api-1.1.2.jar;C:\Users\Hanaa\.m2\repository\org\junit\jupiter\junit-jupiter-params\5.10.2\junit-jupiter-params-5.10.2.jar;C:\Users\Hanaa\.m2\repository\org\junit\jupiter\junit-jupiter-engine\5.10.2\junit-jupiter-engine-5.10.2.jar;C:\Users\Hanaa\.m2\repository\org\junit\platform\junit-platform-engine\1.10.2\junit-platform-engine-1.10.2.jar;C:\Users\Hanaa\.m2\repository\org\testfx\testfx-junit5\4.0.16-alpha\testfx-junit5-4.0.16-alpha.jar;C:\Users\Hanaa\.m2\repository\org\testfx\testfx-core\4.0.16-alpha\testfx-core-4.0.16-alpha.jar;C:\Users\Hanaa\.m2\repository\org\hamcrest\hamcrest-core\1.3\hamcrest-core-1.3.jar;C:\Users\Hanaa\.m2\repository\org\assertj\assertj-core\3.13.2\assertj-core-3.13.2.jar;"/>
    <property name="java.vm.vendor" value="Oracle Corporation"/>
    <property name="sun.arch.data.model" value="64"/>
    <property name="user.variant" value=""/>
    <property name="java.vendor.url" value="https://java.oracle.com/"/>
    <property name="user.timezone" value="Africa/Cairo"/>
    <property name="user.country.format" value="EG"/>
    <property name="java.vm.specification.version" value="21"/>
    <property name="os.name" value="Windows 10"/>
    <property name="javafx.version" value="21.0.3"/>
    <property name="sun.java.launcher" value="SUN_STANDARD"/>
    <property name="user.country" value="US"/>
    <property name="sun.boot.library.path" value="C:\Program Files\Java\jdk-21\bin"/>
    <property name="caf.test.virtualPrinters" value="Virtual Test Printer"/>
    <property name="sun.java.command" value="C:\Users\Hanaa\AppData\Local\Temp\surefire12229663807742627560\surefirebooter-20250903215615940_3.jar C:\Users\Hanaa\AppData\Local\Temp\surefire12229663807742627560 2025-09-03T21-56-06_171-jvmRun1 surefire-20250903215615940_1tmp surefire_0-20250903215615940_2tmp"/>
    <property name="jdk.debug" value="release"/>
    <property name="test" value="SettingsViewTest"/>
    <property name="surefire.test.class.path" value="D:\projects\Caf-POS-single\caf-pos-2\target\test-classes;D:\projects\Caf-POS-single\caf-pos-2\target\classes;C:\Users\Hanaa\.m2\repository\org\openjfx\javafx-controls\21.0.3\javafx-controls-21.0.3.jar;C:\Users\Hanaa\.m2\repository\org\openjfx\javafx-controls\21.0.3\javafx-controls-21.0.3-win.jar;C:\Users\Hanaa\.m2\repository\org\openjfx\javafx-graphics\21.0.3\javafx-graphics-21.0.3.jar;C:\Users\Hanaa\.m2\repository\org\openjfx\javafx-graphics\21.0.3\javafx-graphics-21.0.3-win.jar;C:\Users\Hanaa\.m2\repository\org\openjfx\javafx-base\21.0.3\javafx-base-21.0.3.jar;C:\Users\Hanaa\.m2\repository\org\openjfx\javafx-base\21.0.3\javafx-base-21.0.3-win.jar;C:\Users\Hanaa\.m2\repository\org\openjfx\javafx-fxml\21.0.3\javafx-fxml-21.0.3.jar;C:\Users\Hanaa\.m2\repository\org\openjfx\javafx-fxml\21.0.3\javafx-fxml-21.0.3-win.jar;C:\Users\Hanaa\.m2\repository\com\h2database\h2\2.2.224\h2-2.2.224.jar;C:\Users\Hanaa\.m2\repository\org\flywaydb\flyway-core\10.16.0\flyway-core-10.16.0.jar;C:\Users\Hanaa\.m2\repository\com\fasterxml\jackson\dataformat\jackson-dataformat-toml\2.15.2\jackson-dataformat-toml-2.15.2.jar;C:\Users\Hanaa\.m2\repository\com\fasterxml\jackson\core\jackson-databind\2.15.2\jackson-databind-2.15.2.jar;C:\Users\Hanaa\.m2\repository\com\fasterxml\jackson\core\jackson-annotations\2.15.2\jackson-annotations-2.15.2.jar;C:\Users\Hanaa\.m2\repository\com\fasterxml\jackson\core\jackson-core\2.15.2\jackson-core-2.15.2.jar;C:\Users\Hanaa\.m2\repository\com\google\code\gson\gson\2.10.1\gson-2.10.1.jar;C:\Users\Hanaa\.m2\repository\org\mindrot\jbcrypt\0.4\jbcrypt-0.4.jar;C:\Users\Hanaa\.m2\repository\org\slf4j\slf4j-simple\2.0.13\slf4j-simple-2.0.13.jar;C:\Users\Hanaa\.m2\repository\org\slf4j\slf4j-api\2.0.13\slf4j-api-2.0.13.jar;C:\Users\Hanaa\.m2\repository\org\junit\jupiter\junit-jupiter\5.10.2\junit-jupiter-5.10.2.jar;C:\Users\Hanaa\.m2\repository\org\junit\jupiter\junit-jupiter-api\5.10.2\junit-jupiter-api-5.10.2.jar;C:\Users\Hanaa\.m2\repository\org\opentest4j\opentest4j\1.3.0\opentest4j-1.3.0.jar;C:\Users\Hanaa\.m2\repository\org\junit\platform\junit-platform-commons\1.10.2\junit-platform-commons-1.10.2.jar;C:\Users\Hanaa\.m2\repository\org\apiguardian\apiguardian-api\1.1.2\apiguardian-api-1.1.2.jar;C:\Users\Hanaa\.m2\repository\org\junit\jupiter\junit-jupiter-params\5.10.2\junit-jupiter-params-5.10.2.jar;C:\Users\Hanaa\.m2\repository\org\junit\jupiter\junit-jupiter-engine\5.10.2\junit-jupiter-engine-5.10.2.jar;C:\Users\Hanaa\.m2\repository\org\junit\platform\junit-platform-engine\1.10.2\junit-platform-engine-1.10.2.jar;C:\Users\Hanaa\.m2\repository\org\testfx\testfx-junit5\4.0.16-alpha\testfx-junit5-4.0.16-alpha.jar;C:\Users\Hanaa\.m2\repository\org\testfx\testfx-core\4.0.16-alpha\testfx-core-4.0.16-alpha.jar;C:\Users\Hanaa\.m2\repository\org\hamcrest\hamcrest-core\1.3\hamcrest-core-1.3.jar;C:\Users\Hanaa\.m2\repository\org\assertj\assertj-core\3.13.2\assertj-core-3.13.2.jar;"/>
    <property name="sun.cpu.endian" value="little"/>
    <property name="user.home" value="C:\Users\Hanaa"/>
    <property name="user.language" value="en"/>
    <property name="java.specification.vendor" value="Oracle Corporation"/>
    <property name="java.version.date" value="2025-01-21"/>
    <property name="java.home" value="C:\Program Files\Java\jdk-21"/>
    <property name="file.separator" value="\"/>
    <property name="basedir" value="D:\projects\Caf-POS-single\caf-pos-2"/>
    <property name="java.vm.compressedOopsMode" value="32-bit"/>
    <property name="line.separator" value="&#10;"/>
    <property name="prism.order" value="sw"/>
    <property name="java.vm.specification.vendor" value="Oracle Corporation"/>
    <property name="java.specification.name" value="Java Platform API Specification"/>
    <property name="java.awt.headless" value="false"/>
    <property name="surefire.real.class.path" value="C:\Users\Hanaa\AppData\Local\Temp\surefire12229663807742627560\surefirebooter-20250903215615940_3.jar"/>
    <property name="user.script" value=""/>
    <property name="polyglot.engine.WarnInterpreterOnly" value="false"/>
    <property name="sun.java2d.d3d" value="false"/>
    <property name="sun.management.compiler" value="HotSpot 64-Bit Tiered Compilers"/>
    <property name="java.runtime.version" value="21.0.6+8-LTS-188"/>
    <property name="user.name" value="Hanaa"/>
    <property name="stdout.encoding" value="Cp1256"/>
    <property name="path.separator" value=";"/>
    <property name="os.version" value="10.0"/>
    <property name="java.runtime.name" value="Java(TM) SE Runtime Environment"/>
    <property name="file.encoding" value="UTF-8"/>
    <property name="java.vm.name" value="Java HotSpot(TM) 64-Bit Server VM"/>
    <property name="localRepository" value="C:\Users\Hanaa\.m2\repository"/>
    <property name="java.vendor.url.bug" value="https://bugreport.java.com/bugreport/"/>
    <property name="java.io.tmpdir" value="C:\Users\Hanaa\AppData\Local\Temp\"/>
    <property name="java.version" value="21.0.6"/>
    <property name="user.dir" value="D:\projects\Caf-POS-single\caf-pos-2"/>
    <property name="os.arch" value="amd64"/>
    <property name="java.vm.specification.name" value="Java Virtual Machine Specification"/>
    <property name="user.language.format" value="ar"/>
    <property name="sun.os.patch.level" value=""/>
    <property name="native.encoding" value="Cp1256"/>
    <property name="java.library.path" value="C:\Program Files\Java\jdk-21\bin;C:\WINDOWS\Sun\Java\bin;C:\WINDOWS\system32;C:\WINDOWS;C:\Program Files\PostgreSQL\17\bin;C:\Program Files (x86)\NVIDIA Corporation\PhysX\Common;C:\Program Files\Common Files\Oracle\Java\javapath;C:\Program Files (x86)\Common Files\Oracle\Java\java8path;C:\Program Files (x86)\Common Files\Oracle\Java\javapath;C:\ProgramData\Oracle\Java\javapath;C:\WINDOWS\system32;C:\WINDOWS;C:\WINDOWS\System32\Wbem;C:\WINDOWS\System32\WindowsPowerShell\v1.0\;c:\Users\Hanaa\AppData\Local\Programs\cursor\resources\app\bin;C:\Program Files (x86)\apache-maven-3.9.10\bin;C:\Program Files\Git\cmd;C:\Program Files\nodejs\;;C:\Users\Hanaa\AppData\Local\Programs\cursor\resources\app\bin;C:\Users\Hanaa\AppData\Local\Programs\Microsoft VS Code\bin;C:\Users\Hanaa\AppData\Roaming\npm;."/>
    <property name="java.vm.info" value="mixed mode, sharing"/>
    <property name="stderr.encoding" value="Cp1256"/>
    <property name="java.vendor" value="Oracle Corporation"/>
    <property name="java.vm.version" value="21.0.6+8-LTS-188"/>
    <property name="sun.io.unicode.encoding" value="UnicodeLittle"/>
    <property name="java.class.version" value="65.0"/>
  </properties>
  <testcase name="settings_should_list_printers_and_save(FxRobot)" classname="com.yourcompany.cafeteria.ui.SettingsViewTest" time="27.034">
    <failure message="expected: &lt;true&gt; but was: &lt;false&gt;" type="org.opentest4j.AssertionFailedError"><![CDATA[org.opentest4j.AssertionFailedError: expected: <true> but was: <false>
	at org.junit.jupiter.api.AssertionFailureBuilder.build(AssertionFailureBuilder.java:151)
	at org.junit.jupiter.api.AssertionFailureBuilder.buildAndThrow(AssertionFailureBuilder.java:132)
	at org.junit.jupiter.api.AssertTrue.failNotTrue(AssertTrue.java:63)
	at org.junit.jupiter.api.AssertTrue.assertTrue(AssertTrue.java:36)
	at org.junit.jupiter.api.AssertTrue.assertTrue(AssertTrue.java:31)
	at org.junit.jupiter.api.Assertions.assertTrue(Assertions.java:183)
	at com.yourcompany.cafeteria.ui.SettingsViewTest.settings_should_list_printers_and_save(SettingsViewTest.java:88)
	at java.base/java.lang.reflect.Method.invoke(Method.java:580)
	at java.base/java.util.ArrayList.forEach(ArrayList.java:1596)
	at java.base/java.util.ArrayList.forEach(ArrayList.java:1596)
]]></failure>
    <system-out><![CDATA[Printer combo items: [Send To OneNote 2013, Microsoft XPS Document Writer, Microsoft Print to PDF, HP Universal Printing PCL 5 (v6.1.0) (Copy 1), hp LaserJet 1010 HB, HP LaserJet 1010, Fax]
Selected printer: Send To OneNote 2013
Testing Test Print button click...
Status after Test Print: ''
Settings table has 3 rows
Direct save test: printer.default = Test Printer
Status label text: ''
Status label visible: true
Status label managed: true
]]></system-out>
    <system-err><![CDATA[سبتمبر ٠٣, ٢٠٢٥ ٩:٥٦:٢٨ م com.sun.javafx.application.PlatformImpl startup
WARNING: Unsupported JavaFX configuration: classes were loaded from 'unnamed module @7403c468'
[JavaFX Application Thread] INFO org.flywaydb.core.FlywayExecutor - Database: jdbc:h2:mem:cafeteria_test (H2 2.2)
[JavaFX Application Thread] INFO org.flywaydb.core.internal.schemahistory.JdbcTableSchemaHistory - Schema history table "PUBLIC"."flyway_schema_history" does not exist yet
[JavaFX Application Thread] INFO org.flywaydb.core.internal.command.DbValidate - Successfully validated ٤ migrations (execution time ٠٠:٠٠.٣٣٧s)
[JavaFX Application Thread] INFO org.flywaydb.core.internal.schemahistory.JdbcTableSchemaHistory - Creating Schema History table "PUBLIC"."flyway_schema_history" ...
[JavaFX Application Thread] INFO org.flywaydb.core.internal.command.DbMigrate - Current version of schema "PUBLIC": << Empty Schema >>
[JavaFX Application Thread] INFO org.flywaydb.core.internal.command.DbMigrate - Migrating schema "PUBLIC" to version "1 - Initial"
[JavaFX Application Thread] INFO org.flywaydb.core.internal.command.DbMigrate - Migrating schema "PUBLIC" to version "2 - Seed"
[JavaFX Application Thread] INFO org.flywaydb.core.internal.command.DbMigrate - Migrating schema "PUBLIC" to version "3 - Reports Indexes"
[JavaFX Application Thread] INFO org.flywaydb.core.internal.command.DbMigrate - Migrating schema "PUBLIC" to version "4 - Defaults"
[JavaFX Application Thread] INFO org.flywaydb.core.internal.command.DbMigrate - Successfully applied 4 migrations to schema "PUBLIC", now at version v4 (execution time ٠٠:٠٠.٧٣٧s)
]]></system-err>
  </testcase>
</testsuite>